<?xml version="1.0" encoding="UTF-8"?>
<!-- Generated by org.testng.reporters.JUnitXMLReporter -->
<testsuite ignored="0" hostname="Gnanamanideep" failures="0" tests="3" name="Default test" time="29.231" errors="0" timestamp="2023-04-04T12:38:08 EDT">
  <testcase classname="javaTpointTests.DataproviderTests" name="printData" time="3.972"/>
  <testcase classname="javaTpointTests.DataproviderTests" name="printData" time="3.268"/>
  <testcase classname="javaTpointTests.DataproviderTests" name="printData" time="1.423"/>
</testsuite> <!-- Default test -->
